<?xml version="1.0" encoding="UTF-8"?>
<testng-results ignored="0" total="1" passed="1" failed="0" skipped="0">
  <reporter-output>
    <line>
      <![CDATA[Test execution started.]]>
    </line>
    <line>
      <![CDATA[Chrome Browser launched.]]>
    </line>
    <line>
      <![CDATA[Navigated to application URL.]]>
    </line>
    <line>
      <![CDATA[Test execution completed.]]>
    </line>
    <line>
      <![CDATA[<img src="C:\Users\rosink\eclipse-workspace-SeleniumAdditionalTopics\reportNGReports\screenshots\screenshot1.png"/>]]>
    </line>
  </reporter-output>
  <suite started-at="2024-11-14T09:40:58 MEZ" name="Default suite" finished-at="2024-11-14T09:41:06 MEZ" duration-ms="7435">
    <groups>
    </groups>
    <test started-at="2024-11-14T09:40:58 MEZ" name="Default test" finished-at="2024-11-14T09:41:06 MEZ" duration-ms="7435">
      <class name="reportNGReports.ReportNGReportsTest">
        <test-method signature="sampleSeleniumCode()[pri:0, instance:reportNGReports.ReportNGReportsTest@4d5650ae]" started-at="2024-11-14T09:40:58 MEZ" name="sampleSeleniumCode" finished-at="2024-11-14T09:41:06 MEZ" duration-ms="7408" status="PASS">
          <reporter-output>
            <line>
              <![CDATA[Test execution started.]]>
            </line>
            <line>
              <![CDATA[Chrome Browser launched.]]>
            </line>
            <line>
              <![CDATA[Navigated to application URL.]]>
            </line>
            <line>
              <![CDATA[Test execution completed.]]>
            </line>
            <line>
              <![CDATA[<img src="C:\Users\rosink\eclipse-workspace-SeleniumAdditionalTopics\reportNGReports\screenshots\screenshot1.png"/>]]>
            </line>
          </reporter-output>
        </test-method> <!-- sampleSeleniumCode -->
      </class> <!-- reportNGReports.ReportNGReportsTest -->
    </test> <!-- Default test -->
  </suite> <!-- Default suite -->
</testng-results>
